<?xml version="1.0" encoding="UTF-8"?>
<!-- Generated by org.testng.reporters.JUnitReportReporter -->
<testsuite hostname="DESKTOP-9UQ5Q6P" failures="0" tests="2" name="testng.Dragnddrop" time="3.574" errors="0" timestamp="2024-02-22T11:05:40 IST" skipped="0">
  <testcase classname="testng.Dragnddrop" name="button" time="0.148"/>
  <system-out/>
  <testcase classname="testng.Dragnddrop" name="dragndropmethod" time="3.426"/>
  <system-out/>
</testsuite> <!-- testng.Dragnddrop -->
