<?xml version="1.0" encoding="UTF-8"?>
<!-- Generated by org.testng.reporters.JUnitReportReporter -->
<testsuite hostname="DESKTOP-9UQ5Q6P" failures="0" tests="1" name="testpkg.Fblogintest" time="5.206" errors="0" timestamp="2024-03-06T09:55:30 IST" skipped="0">
  <testcase classname="testpkg.Fblogintest" name="testlogin" time="5.206"/>
  <system-out/>
</testsuite> <!-- testpkg.Fblogintest -->
