<?xml version="1.0" encoding="UTF-8"?>
<!-- Generated by org.testng.reporters.JUnitReportReporter -->
<testsuite hostname="DESKTOP-9UQ5Q6P" failures="0" tests="1" name="testng.Amzn" time="7.173" errors="0" timestamp="2024-03-01T10:12:46 IST" skipped="0">
  <testcase classname="testng.Amzn" name="amznnew" time="7.173"/>
  <system-out/>
</testsuite> <!-- testng.Amzn -->
