<?xml version="1.0" encoding="UTF-8"?>
<!-- Generated by org.testng.reporters.JUnitReportReporter -->
<testsuite hostname="DESKTOP-9UQ5Q6P" failures="0" tests="1" name="testng.FileeupldRobot" time="6.293" errors="0" timestamp="2024-02-23T11:48:35 IST" skipped="0">
  <testcase classname="testng.FileeupldRobot" name="fileploadpgm" time="6.293"/>
  <system-out/>
</testsuite> <!-- testng.FileeupldRobot -->
