<?xml version="1.0" encoding="UTF-8"?>
<!-- Generated by org.testng.reporters.JUnitReportReporter -->
<testsuite hostname="DESKTOP-9UQ5Q6P" failures="0" tests="1" name="testng.Fileupld" time="0.292" errors="0" timestamp="2024-02-22T10:58:29 IST" skipped="0">
  <testcase classname="testng.Fileupld" name="demo" time="0.292"/>
  <system-out/>
</testsuite> <!-- testng.Fileupld -->
