<?xml version="1.0" encoding="UTF-8"?>
<!-- Generated by org.testng.reporters.JUnitReportReporter -->
<testsuite hostname="DESKTOP-9UQ5Q6P" failures="0" tests="1" name="testng.Fblogin" time="6.156" errors="0" timestamp="2024-02-20T10:29:34 IST" skipped="0">
  <testcase classname="testng.Fblogin" name="login" time="6.156"/>
  <system-out/>
</testsuite> <!-- testng.Fblogin -->
