<?xml version="1.0" encoding="UTF-8"?>
<!-- Generated by org.testng.reporters.JUnitReportReporter -->
<testsuite hostname="DESKTOP-9UQ5Q6P" failures="0" tests="1" name="testng.Multiplewndwhndlr" time="10.462" errors="0" timestamp="2024-02-29T09:56:55 IST" skipped="0">
  <testcase classname="testng.Multiplewndwhndlr" name="test" time="10.462"/>
  <system-out/>
</testsuite> <!-- testng.Multiplewndwhndlr -->
