<?xml version="1.0" encoding="UTF-8"?>
<!-- Generated by org.testng.reporters.JUnitReportReporter -->
<testsuite hostname="DESKTOP-9UQ5Q6P" failures="0" tests="1" name="testng.Automtnexcrse" time="0.034" errors="0" timestamp="2024-02-26T10:46:49 IST" skipped="0">
  <testcase classname="testng.Automtnexcrse" name="verifyurl" time="0.034"/>
  <system-out/>
</testsuite> <!-- testng.Automtnexcrse -->
