<?xml version="1.0" encoding="UTF-8"?>
<!-- Generated by org.testng.reporters.JUnitReportReporter -->
<testsuite hostname="DESKTOP-9UQ5Q6P" failures="0" tests="1" name="testng.Datadriventest" time="21.607" errors="0" timestamp="2024-02-26T10:15:13 IST" skipped="0">
  <testcase classname="testng.Datadriventest" name="datadriven" time="21.607"/>
  <system-out/>
</testsuite> <!-- testng.Datadriventest -->
