<?xml version="1.0" encoding="UTF-8"?>
<!-- Generated by org.testng.reporters.JUnitReportReporter -->
<testsuite hostname="DESKTOP-9UQ5Q6P" failures="0" tests="1" name="testng.Datepicker" time="3.610" errors="0" timestamp="2024-03-01T09:55:04 IST" skipped="0">
  <testcase classname="testng.Datepicker" name="test" time="3.610"/>
  <system-out/>
</testsuite> <!-- testng.Datepicker -->
