<?xml version="1.0" encoding="UTF-8"?>
<!-- Generated by org.testng.reporters.JUnitReportReporter -->
<testsuite hostname="DESKTOP-9UQ5Q6P" failures="0" tests="1" name="testng.Ebay" time="4.286" errors="0" timestamp="2024-02-28T11:16:08 IST" skipped="0">
  <testcase classname="testng.Ebay" name="ebay" time="4.286"/>
  <system-out/>
</testsuite> <!-- testng.Ebay -->
