<?xml version="1.0" encoding="UTF-8"?>
<!-- Generated by org.testng.reporters.JUnitReportReporter -->
<testsuite hostname="DESKTOP-9UQ5Q6P" failures="0" tests="1" name="testng.Mousehvr" time="1.171" errors="0" timestamp="2024-02-28T09:54:19 IST" skipped="0">
  <testcase classname="testng.Mousehvr" name="ebay" time="1.171"/>
  <system-out/>
</testsuite> <!-- testng.Mousehvr -->
