<?xml version="1.0" encoding="UTF-8"?>
<!-- Generated by org.testng.reporters.JUnitReportReporter -->
<testsuite hostname="DESKTOP-9UQ5Q6P" failures="0" tests="1" name="testng.Parameterisation" time="0.027" errors="0" timestamp="2024-02-20T09:43:04 IST" skipped="0">
  <testcase classname="testng.Parameterisation" name="test" time="0.027"/>
  <system-out/>
</testsuite> <!-- testng.Parameterisation -->
