<?xml version="1.0" encoding="UTF-8"?>
<!-- Generated by org.testng.reporters.JUnitReportReporter -->
<testsuite hostname="DESKTOP-9UQ5Q6P" failures="0" tests="5" name="testng.Rediffnew" time="13.227" errors="0" timestamp="2024-02-16T11:16:25 IST" skipped="0">
  <testcase classname="testng.Rediffnew" name="contentverification" time="2.090"/>
  <system-out/>
  <testcase classname="testng.Rediffnew" name="buttontextverification" time="1.267"/>
  <system-out/>
  <testcase classname="testng.Rediffnew" name="logodisplay" time="0.962"/>
  <system-out/>
  <testcase classname="testng.Rediffnew" name="titleverification" time="5.981"/>
  <system-out/>
  <testcase classname="testng.Rediffnew" name="createaccenable" time="2.927"/>
  <system-out/>
</testsuite> <!-- testng.Rediffnew -->
