<?xml version="1.0" encoding="UTF-8"?>
<!-- Generated by org.testng.reporters.JUnitReportReporter -->
<testsuite hostname="DESKTOP-9UQ5Q6P" failures="0" tests="1" name="testng.Justdial" time="8.132" errors="0" timestamp="2024-02-28T10:47:40 IST" skipped="0">
  <testcase classname="testng.Justdial" name="test" time="8.132"/>
  <system-out/>
</testsuite> <!-- testng.Justdial -->
