<?xml version="1.0" encoding="UTF-8"?>
<!-- Generated by org.testng.reporters.JUnitReportReporter -->
<testsuite hostname="DESKTOP-9UQ5Q6P" failures="0" tests="1" name="testng.Atmtnexercise" time="14.304" errors="0" timestamp="2024-02-29T11:06:38 IST" skipped="0">
  <testcase classname="testng.Atmtnexercise" name="signup" time="14.304"/>
  <system-out/>
</testsuite> <!-- testng.Atmtnexercise -->
